
> vibe-generated-app@1.0.0 dev
> vite


  VITE v5.4.20  ready in 201 ms

  ➜  Local:   http://localhost:3000/
  ➜  Network: http://172.20.127.67:3000/
8:38:45 PM [vite] Pre-transform error: Transform failed with 1 error:
/home/workspace/src/components/SeasonDial.jsx:122:34: ERROR: Expected "}" but found "]"
8:38:45 PM [vite] Internal server error: Transform failed with 1 error:
/home/workspace/src/components/SeasonDial.jsx:122:34: ERROR: Expected "}" but found "]"
  Plugin: vite:esbuild
  File: /home/workspace/src/components/SeasonDial.jsx:122:34
  
  Expected "}" but found "]"
  120|                return (
  121|                  <g
  122|                    key={`item-${k}`]
     |                                    ^
  123|                    style={grpStyle}
  124|                    onClick={() => handleActivate(k)}
  
      at failureErrorWithLog (/home/workspace/node_modules/esbuild/lib/main.js:1472:15)
      at /home/workspace/node_modules/esbuild/lib/main.js:755:50
      at responseCallbacks.<computed> (/home/workspace/node_modules/esbuild/lib/main.js:622:9)
      at handleIncomingPacket (/home/workspace/node_modules/esbuild/lib/main.js:677:12)
      at Socket.readFromStdout (/home/workspace/node_modules/esbuild/lib/main.js:600:7)
      at Socket.emit (node:events:508:28)
      at addChunk (node:internal/streams/readable:559:12)
      at readableAddChunkPushByteMode (node:internal/streams/readable:510:3)
      at Readable.push (node:internal/streams/readable:390:5)
      at Pipe.onStreamRead (node:internal/stream_base_commons:189:23)
8:39:08 PM [vite] Internal server error: Transform failed with 1 error:
/home/workspace/src/components/SeasonDial.jsx:122:34: ERROR: Expected "}" but found "]"
  Plugin: vite:esbuild
  File: /home/workspace/src/components/SeasonDial.jsx:122:34
  
  Expected "}" but found "]"
  120|                return (
  121|                  <g
  122|                    key={`item-${k}`]
     |                                    ^
  123|                    style={grpStyle}
  124|                    onClick={() => handleActivate(k)}
  
      at failureErrorWithLog (/home/workspace/node_modules/esbuild/lib/main.js:1472:15)
      at /home/workspace/node_modules/esbuild/lib/main.js:755:50
      at responseCallbacks.<computed> (/home/workspace/node_modules/esbuild/lib/main.js:622:9)
      at handleIncomingPacket (/home/workspace/node_modules/esbuild/lib/main.js:677:12)
      at Socket.readFromStdout (/home/workspace/node_modules/esbuild/lib/main.js:600:7)
      at Socket.emit (node:events:508:28)
      at addChunk (node:internal/streams/readable:559:12)
      at readableAddChunkPushByteMode (node:internal/streams/readable:510:3)
      at Readable.push (node:internal/streams/readable:390:5)
      at Pipe.onStreamRead (node:internal/stream_base_commons:189:23)
